# JRE version: OpenJDK Runtime Environment AdoptOpenJDK (11.0.10+9) (build 11.0.10+9)
# Java VM: OpenJDK 64-Bit Server VM AdoptOpenJDK (11.0.10+9, mixed mode, tiered, compressed oops, parallel gc, windows-amd64)
Heap:
 PSYoungGen      total 22016K, used 51K [0x00000000eab00000, 0x00000000ec280000, 0x0000000100000000)
  eden space 20480K, 0% used [0x00000000eab00000,0x00000000eab0cce8,0x00000000ebf00000)
  from space 1536K, 0% used [0x00000000ec000000,0x00000000ec000000,0x00000000ec180000)
  to   space 512K, 0% used [0x00000000ec200000,0x00000000ec200000,0x00000000ec280000)
 ParOldGen       total 68608K, used 25040K [0x00000000c0000000, 0x00000000c4300000, 0x00000000eab00000)
  object space 68608K, 36% used [0x00000000c0000000,0x00000000c18741d0,0x00000000c4300000)
 Metaspace       used 33629K, capacity 35370K, committed 35496K, reserved 1081344K
  class space    used 3159K, capacity 3814K, committed 3840K, reserved 1048576K
GC Heap History (20 events):
Event: 4.406 GC heap before
{Heap before GC invocations=8 (full 1):
 PSYoungGen      total 27136K, used 26806K [0x00000000eab00000, 0x00000000ec880000, 0x0000000100000000)
  eden space 24576K, 100% used [0x00000000eab00000,0x00000000ec300000,0x00000000ec300000)
  from space 2560K, 87% used [0x00000000ec600000,0x00000000ec82db78,0x00000000ec880000)
  to   space 2560K, 0% used [0x00000000ec380000,0x00000000ec380000,0x00000000ec600000)
 ParOldGen       total 68608K, used 7481K [0x00000000c0000000, 0x00000000c4300000, 0x00000000eab00000)
  object space 68608K, 10% used [0x00000000c0000000,0x00000000c074e740,0x00000000c4300000)
 Metaspace       used 31130K, capacity 32820K, committed 33152K, reserved 1079296K
  class space    used 2960K, capacity 3604K, committed 3712K, reserved 1048576K
}
Event: 4.409 GC heap after
{Heap after GC invocations=8 (full 1):
 PSYoungGen      total 26624K, used 2540K [0x00000000eab00000, 0x00000000eca80000, 0x0000000100000000)
  eden space 24064K, 0% used [0x00000000eab00000,0x00000000eab00000,0x00000000ec280000)
  from space 2560K, 99% used [0x00000000ec380000,0x00000000ec5fb040,0x00000000ec600000)
  to   space 4096K, 0% used [0x00000000ec680000,0x00000000ec680000,0x00000000eca80000)
 ParOldGen       total 68608K, used 8624K [0x00000000c0000000, 0x00000000c4300000, 0x00000000eab00000)
  object space 68608K, 12% used [0x00000000c0000000,0x00000000c086c380,0x00000000c4300000)
 Metaspace       used 31130K, capacity 32820K, committed 33152K, reserved 1079296K
  class space    used 2960K, capacity 3604K, committed 3712K, reserved 1048576K
}
Event: 4.586 GC heap before
{Heap before GC invocations=9 (full 1):
 PSYoungGen      total 26624K, used 26604K [0x00000000eab00000, 0x00000000eca80000, 0x0000000100000000)
  eden space 24064K, 100% used [0x00000000eab00000,0x00000000ec280000,0x00000000ec280000)
  from space 2560K, 99% used [0x00000000ec380000,0x00000000ec5fb040,0x00000000ec600000)
  to   space 4096K, 0% used [0x00000000ec680000,0x00000000ec680000,0x00000000eca80000)
 ParOldGen       total 68608K, used 8624K [0x00000000c0000000, 0x00000000c4300000, 0x00000000eab00000)
  object space 68608K, 12% used [0x00000000c0000000,0x00000000c086c380,0x00000000c4300000)
 Metaspace       used 31439K, capacity 33135K, committed 33408K, reserved 1079296K
  class space    used 3000K, capacity 3645K, committed 3712K, reserved 1048576K
}
Event: 4.595 GC heap after
{Heap after GC invocations=9 (full 1):
 PSYoungGen      total 27136K, used 4071K [0x00000000eab00000, 0x00000000ecc00000, 0x0000000100000000)
  eden space 23040K, 0% used [0x00000000eab00000,0x00000000eab00000,0x00000000ec180000)
  from space 4096K, 99% used [0x00000000ec680000,0x00000000eca79f98,0x00000000eca80000)
  to   space 5120K, 0% used [0x00000000ec180000,0x00000000ec180000,0x00000000ec680000)
 ParOldGen       total 68608K, used 9269K [0x00000000c0000000, 0x00000000c4300000, 0x00000000eab00000)
  object space 68608K, 13% used [0x00000000c0000000,0x00000000c090d6d8,0x00000000c4300000)
 Metaspace       used 31439K, capacity 33135K, committed 33408K, reserved 1079296K
  class space    used 3000K, capacity 3645K, committed 3712K, reserved 1048576K
}
Event: 4.709 GC heap before
{Heap before GC invocations=10 (full 1):
 PSYoungGen      total 27136K, used 27111K [0x00000000eab00000, 0x00000000ecc00000, 0x0000000100000000)
  eden space 23040K, 100% used [0x00000000eab00000,0x00000000ec180000,0x00000000ec180000)
  from space 4096K, 99% used [0x00000000ec680000,0x00000000eca79f98,0x00000000eca80000)
  to   space 5120K, 0% used [0x00000000ec180000,0x00000000ec180000,0x00000000ec680000)
 ParOldGen       total 68608K, used 9269K [0x00000000c0000000, 0x00000000c4300000, 0x00000000eab00000)
  object space 68608K, 13% used [0x00000000c0000000,0x00000000c090d6d8,0x00000000c4300000)
 Metaspace       used 31460K, capacity 33135K, committed 33408K, reserved 1079296K
  class space    used 3000K, capacity 3645K, committed 3712K, reserved 1048576K
}
Event: 4.716 GC heap after
{Heap after GC invocations=10 (full 1):
 PSYoungGen      total 27648K, used 4610K [0x00000000eab00000, 0x00000000ecb00000, 0x0000000100000000)
  eden space 22528K, 0% used [0x00000000eab00000,0x00000000eab00000,0x00000000ec100000)
  from space 5120K, 90% used [0x00000000ec180000,0x00000000ec600b38,0x00000000ec680000)
  to   space 4608K, 0% used [0x00000000ec680000,0x00000000ec680000,0x00000000ecb00000)
 ParOldGen       total 68608K, used 10873K [0x00000000c0000000, 0x00000000c4300000, 0x00000000eab00000)
  object space 68608K, 15% used [0x00000000c0000000,0x00000000c0a9e660,0x00000000c4300000)
 Metaspace       used 31460K, capacity 33135K, committed 33408K, reserved 1079296K
  class space    used 3000K, capacity 3645K, committed 3712K, reserved 1048576K
}
Event: 4.840 GC heap before
{Heap before GC invocations=11 (full 1):
 PSYoungGen      total 27648K, used 27138K [0x00000000eab00000, 0x00000000ecb00000, 0x0000000100000000)
  eden space 22528K, 100% used [0x00000000eab00000,0x00000000ec100000,0x00000000ec100000)
  from space 5120K, 90% used [0x00000000ec180000,0x00000000ec600b38,0x00000000ec680000)
  to   space 4608K, 0% used [0x00000000ec680000,0x00000000ec680000,0x00000000ecb00000)
 ParOldGen       total 68608K, used 10873K [0x00000000c0000000, 0x00000000c4300000, 0x00000000eab00000)
  object space 68608K, 15% used [0x00000000c0000000,0x00000000c0a9e660,0x00000000c4300000)
 Metaspace       used 31637K, capacity 33295K, committed 33408K, reserved 1079296K
  class space    used 3015K, capacity 3677K, committed 3712K, reserved 1048576K
}
Event: 4.851 GC heap after
{Heap after GC invocations=11 (full 1):
 PSYoungGen      total 25088K, used 4576K [0x00000000eab00000, 0x00000000ecf80000, 0x0000000100000000)
  eden space 20480K, 0% used [0x00000000eab00000,0x00000000eab00000,0x00000000ebf00000)
  from space 4608K, 99% used [0x00000000ec680000,0x00000000ecaf8020,0x00000000ecb00000)
  to   space 7680K, 0% used [0x00000000ebf00000,0x00000000ebf00000,0x00000000ec680000)
 ParOldGen       total 68608K, used 13287K [0x00000000c0000000, 0x00000000c4300000, 0x00000000eab00000)
  object space 68608K, 19% used [0x00000000c0000000,0x00000000c0cf9d30,0x00000000c4300000)
 Metaspace       used 31637K, capacity 33295K, committed 33408K, reserved 1079296K
  class space    used 3015K, capacity 3677K, committed 3712K, reserved 1048576K
}
Event: 4.919 GC heap before
{Heap before GC invocations=12 (full 1):
 PSYoungGen      total 25088K, used 25056K [0x00000000eab00000, 0x00000000ecf80000, 0x0000000100000000)
  eden space 20480K, 100% used [0x00000000eab00000,0x00000000ebf00000,0x00000000ebf00000)
  from space 4608K, 99% used [0x00000000ec680000,0x00000000ecaf8020,0x00000000ecb00000)
  to   space 7680K, 0% used [0x00000000ebf00000,0x00000000ebf00000,0x00000000ec680000)
 ParOldGen       total 68608K, used 13287K [0x00000000c0000000, 0x00000000c4300000, 0x00000000eab00000)
  object space 68608K, 19% used [0x00000000c0000000,0x00000000c0cf9d30,0x00000000c4300000)
 Metaspace       used 31637K, capacity 33295K, committed 33408K, reserved 1079296K
  class space    used 3015K, capacity 3677K, committed 3712K, reserved 1048576K
}
Event: 4.926 GC heap after
{Heap after GC invocations=12 (full 1):
 PSYoungGen      total 23040K, used 2112K [0x00000000eab00000, 0x00000000ec700000, 0x0000000100000000)
  eden space 20480K, 0% used [0x00000000eab00000,0x00000000eab00000,0x00000000ebf00000)
  from space 2560K, 82% used [0x00000000ebf00000,0x00000000ec110000,0x00000000ec180000)
  to   space 4096K, 0% used [0x00000000ec300000,0x00000000ec300000,0x00000000ec700000)
 ParOldGen       total 68608K, used 17848K [0x00000000c0000000, 0x00000000c4300000, 0x00000000eab00000)
  object space 68608K, 26% used [0x00000000c0000000,0x00000000c116e0d8,0x00000000c4300000)
 Metaspace       used 31637K, capacity 33295K, committed 33408K, reserved 1079296K
  class space    used 3015K, capacity 3677K, committed 3712K, reserved 1048576K
}
Event: 4.990 GC heap before
{Heap before GC invocations=13 (full 1):
 PSYoungGen      total 23040K, used 22592K [0x00000000eab00000, 0x00000000ec700000, 0x0000000100000000)
  eden space 20480K, 100% used [0x00000000eab00000,0x00000000ebf00000,0x00000000ebf00000)
  from space 2560K, 82% used [0x00000000ebf00000,0x00000000ec110000,0x00000000ec180000)
  to   space 4096K, 0% used [0x00000000ec300000,0x00000000ec300000,0x00000000ec700000)
 ParOldGen       total 68608K, used 17848K [0x00000000c0000000, 0x00000000c4300000, 0x00000000eab00000)
  object space 68608K, 26% used [0x00000000c0000000,0x00000000c116e0d8,0x00000000c4300000)
 Metaspace       used 31637K, capacity 33295K, committed 33408K, reserved 1079296K
  class space    used 3015K, capacity 3677K, committed 3712K, reserved 1048576K
}
Event: 5.000 GC heap after
{Heap after GC invocations=13 (full 1):
 PSYoungGen      total 23040K, used 2400K [0x00000000eab00000, 0x00000000ec580000, 0x0000000100000000)
  eden space 20480K, 0% used [0x00000000eab00000,0x00000000eab00000,0x00000000ebf00000)
  from space 2560K, 93% used [0x00000000ec300000,0x00000000ec558010,0x00000000ec580000)
  to   space 3072K, 0% used [0x00000000ebf80000,0x00000000ebf80000,0x00000000ec280000)
 ParOldGen       total 68608K, used 19928K [0x00000000c0000000, 0x00000000c4300000, 0x00000000eab00000)
  object space 68608K, 29% used [0x00000000c0000000,0x00000000c13760d8,0x00000000c4300000)
 Metaspace       used 31637K, capacity 33295K, committed 33408K, reserved 1079296K
  class space    used 3015K, capacity 3677K, committed 3712K, reserved 1048576K
}
Event: 5.152 GC heap before
{Heap before GC invocations=14 (full 1):
 PSYoungGen      total 23040K, used 22880K [0x00000000eab00000, 0x00000000ec580000, 0x0000000100000000)
  eden space 20480K, 100% used [0x00000000eab00000,0x00000000ebf00000,0x00000000ebf00000)
  from space 2560K, 93% used [0x00000000ec300000,0x00000000ec558010,0x00000000ec580000)
  to   space 3072K, 0% used [0x00000000ebf80000,0x00000000ebf80000,0x00000000ec280000)
 ParOldGen       total 68608K, used 19928K [0x00000000c0000000, 0x00000000c4300000, 0x00000000eab00000)
  object space 68608K, 29% used [0x00000000c0000000,0x00000000c13760d8,0x00000000c4300000)
 Metaspace       used 31724K, capacity 33433K, committed 33664K, reserved 1079296K
  class space    used 3020K, capacity 3680K, committed 3712K, reserved 1048576K
}
Event: 5.160 GC heap after
{Heap after GC invocations=14 (full 1):
 PSYoungGen      total 23040K, used 2560K [0x00000000eab00000, 0x00000000ec500000, 0x0000000100000000)
  eden space 20480K, 0% used [0x00000000eab00000,0x00000000eab00000,0x00000000ebf00000)
  from space 2560K, 100% used [0x00000000ebf80000,0x00000000ec200000,0x00000000ec200000)
  to   space 3072K, 0% used [0x00000000ec200000,0x00000000ec200000,0x00000000ec500000)
 ParOldGen       total 68608K, used 22312K [0x00000000c0000000, 0x00000000c4300000, 0x00000000eab00000)
  object space 68608K, 32% used [0x00000000c0000000,0x00000000c15ca0e8,0x00000000c4300000)
 Metaspace       used 31724K, capacity 33433K, committed 33664K, reserved 1079296K
  class space    used 3020K, capacity 3680K, committed 3712K, reserved 1048576K
}
Event: 5.674 GC heap before
{Heap before GC invocations=15 (full 1):
 PSYoungGen      total 23040K, used 23013K [0x00000000eab00000, 0x00000000ec500000, 0x0000000100000000)
  eden space 20480K, 99% used [0x00000000eab00000,0x00000000ebef9660,0x00000000ebf00000)
  from space 2560K, 100% used [0x00000000ebf80000,0x00000000ec200000,0x00000000ec200000)
  to   space 3072K, 0% used [0x00000000ec200000,0x00000000ec200000,0x00000000ec500000)
 ParOldGen       total 68608K, used 22312K [0x00000000c0000000, 0x00000000c4300000, 0x00000000eab00000)
  object space 68608K, 32% used [0x00000000c0000000,0x00000000c15ca0e8,0x00000000c4300000)
 Metaspace       used 33255K, capacity 35018K, committed 35328K, reserved 1081344K
  class space    used 3120K, capacity 3782K, committed 3840K, reserved 1048576K
}
Event: 5.679 GC heap after
{Heap after GC invocations=15 (full 1):
 PSYoungGen      total 21504K, used 881K [0x00000000eab00000, 0x00000000ec300000, 0x0000000100000000)
  eden space 20480K, 0% used [0x00000000eab00000,0x00000000eab00000,0x00000000ebf00000)
  from space 1024K, 86% used [0x00000000ec200000,0x00000000ec2dc490,0x00000000ec300000)
  to   space 1536K, 0% used [0x00000000ec000000,0x00000000ec000000,0x00000000ec180000)
 ParOldGen       total 68608K, used 24869K [0x00000000c0000000, 0x00000000c4300000, 0x00000000eab00000)
  object space 68608K, 36% used [0x00000000c0000000,0x00000000c1849440,0x00000000c4300000)
 Metaspace       used 33255K, capacity 35018K, committed 35328K, reserved 1081344K
  class space    used 3120K, capacity 3782K, committed 3840K, reserved 1048576K
}
Event: 5.735 GC heap before
{Heap before GC invocations=16 (full 1):
 PSYoungGen      total 21504K, used 3258K [0x00000000eab00000, 0x00000000ec300000, 0x0000000100000000)
  eden space 20480K, 11% used [0x00000000eab00000,0x00000000ead526a8,0x00000000ebf00000)
  from space 1024K, 86% used [0x00000000ec200000,0x00000000ec2dc490,0x00000000ec300000)
  to   space 1536K, 0% used [0x00000000ec000000,0x00000000ec000000,0x00000000ec180000)
 ParOldGen       total 68608K, used 24869K [0x00000000c0000000, 0x00000000c4300000, 0x00000000eab00000)
  object space 68608K, 36% used [0x00000000c0000000,0x00000000c1849440,0x00000000c4300000)
 Metaspace       used 33629K, capacity 35370K, committed 35496K, reserved 1081344K
  class space    used 3159K, capacity 3814K, committed 3840K, reserved 1048576K
}
Event: 5.740 GC heap after
{Heap after GC invocations=16 (full 1):
 PSYoungGen      total 22016K, used 64K [0x00000000eab00000, 0x00000000ec280000, 0x0000000100000000)
  eden space 20480K, 0% used [0x00000000eab00000,0x00000000eab00000,0x00000000ebf00000)
  from space 1536K, 4% used [0x00000000ec000000,0x00000000ec010000,0x00000000ec180000)
  to   space 512K, 0% used [0x00000000ec200000,0x00000000ec200000,0x00000000ec280000)
 ParOldGen       total 68608K, used 25580K [0x00000000c0000000, 0x00000000c4300000, 0x00000000eab00000)
  object space 68608K, 37% used [0x00000000c0000000,0x00000000c18fb2a0,0x00000000c4300000)
 Metaspace       used 33629K, capacity 35370K, committed 35496K, reserved 1081344K
  class space    used 3159K, capacity 3814K, committed 3840K, reserved 1048576K
}
Event: 5.740 GC heap before
{Heap before GC invocations=17 (full 2):
 PSYoungGen      total 22016K, used 64K [0x00000000eab00000, 0x00000000ec280000, 0x0000000100000000)
  eden space 20480K, 0% used [0x00000000eab00000,0x00000000eab00000,0x00000000ebf00000)
  from space 1536K, 4% used [0x00000000ec000000,0x00000000ec010000,0x00000000ec180000)
  to   space 512K, 0% used [0x00000000ec200000,0x00000000ec200000,0x00000000ec280000)
 ParOldGen       total 68608K, used 25580K [0x00000000c0000000, 0x00000000c4300000, 0x00000000eab00000)
  object space 68608K, 37% used [0x00000000c0000000,0x00000000c18fb2a0,0x00000000c4300000)
 Metaspace       used 33629K, capacity 35370K, committed 35496K, reserved 1081344K
  class space    used 3159K, capacity 3814K, committed 3840K, reserved 1048576K
}
Event: 5.970 GC heap after
{Heap after GC invocations=17 (full 2):
 PSYoungGen      total 22016K, used 0K [0x00000000eab00000, 0x00000000ec280000, 0x0000000100000000)
  eden space 20480K, 0% used [0x00000000eab00000,0x00000000eab00000,0x00000000ebf00000)
  from space 1536K, 0% used [0x00000000ec000000,0x00000000ec000000,0x00000000ec180000)
  to   space 512K, 0% used [0x00000000ec200000,0x00000000ec200000,0x00000000ec280000)
 ParOldGen       total 68608K, used 25040K [0x00000000c0000000, 0x00000000c4300000, 0x00000000eab00000)
  object space 68608K, 36% used [0x00000000c0000000,0x00000000c18741d0,0x00000000c4300000)
 Metaspace       used 33629K, capacity 35370K, committed 35496K, reserved 1081344K
  class space    used 3159K, capacity 3814K, committed 3840K, reserved 1048576K
}

